c:\users\karol\documents\repositories\gk_proj\saper\debug\vc140.pdb
c:\users\karol\documents\repositories\gk_proj\saper\debug\vc140.idb
c:\users\karol\documents\repositories\gk_proj\saper\debug\field.obj
c:\users\karol\documents\repositories\gk_proj\saper\debug\background.obj
c:\users\karol\documents\repositories\gk_proj\saper\debug\fieldgraphic.obj
c:\users\karol\documents\repositories\gk_proj\saper\debug\game.obj
c:\users\karol\documents\repositories\gk_proj\saper\debug\main.obj
c:\users\karol\documents\repositories\gk_proj\saper\debug\map.obj
c:\users\karol\documents\repositories\gk_proj\saper\debug\overlay.obj
c:\users\karol\documents\repositories\gk_proj\saper\debug\user.obj
c:\users\karol\documents\repositories\gk_proj\saper\debug\statisticsmanager.obj
c:\users\karol\documents\repositories\gk_proj\saper\debug\utils.obj
c:\users\karol\documents\repositories\gk_proj\saper\debug\saper.ilk
c:\users\karol\documents\repositories\gk_proj\saper\debug\saper.exe
c:\users\karol\documents\repositories\gk_proj\saper\debug\saper.pdb
c:\users\karol\documents\repositories\gk_proj\saper\debug\saper.tlog\cl.command.1.tlog
c:\users\karol\documents\repositories\gk_proj\saper\debug\saper.tlog\cl.read.1.tlog
c:\users\karol\documents\repositories\gk_proj\saper\debug\saper.tlog\cl.write.1.tlog
c:\users\karol\documents\repositories\gk_proj\saper\debug\saper.tlog\link.command.1.tlog
c:\users\karol\documents\repositories\gk_proj\saper\debug\saper.tlog\link.read.1.tlog
c:\users\karol\documents\repositories\gk_proj\saper\debug\saper.tlog\link.write.1.tlog
